PLINK v2.00a6 64-bit (5 Jan 2024)
Options in effect:
  --bfile ./inst/1KG-EUR.example2
  --make-rel triangle bin4
  --out ./inst/1KG-EUR.example2
  --silent

Hostname: Qixins-MacBook-Air.local
Working directory: /Users/zqx/ZJU-PhD/2-Work/Rpackage/deepKin
Start time: Mon Jan 15 15:39:59 2024

Random number seed: 1705295399
8192 MiB RAM detected; reserving 4096 MiB for main workspace.
Using up to 8 compute threads.
226 samples (0 females, 0 males, 226 ambiguous; 226 founders) loaded from
./inst/1KG-EUR.example2.fam.
7877 variants loaded from ./inst/1KG-EUR.example2.bim.
Note: No phenotype data present.
Calculating allele frequencies... done.
Constructing GRM: done.
--make-rel: GRM written to ./inst/1KG-EUR.example2.rel.bin , and IDs to
./inst/1KG-EUR.example2.rel.id .

End time: Mon Jan 15 15:39:59 2024
